# JRE version: Java(TM) SE Runtime Environment 18.9 (11.0.12+8) (build 11.0.12+8-LTS-237)
# Java VM: Java HotSpot(TM) 64-Bit Server VM 18.9 (11.0.12+8-LTS-237, mixed mode, tiered, compressed oops, g1 gc, bsd-amd64)
Heap:
 garbage-first heap   total 112640K, used 80846K [0x0000000780000000, 0x0000000800000000)
  region size 1024K, 36 young (36864K), 4 survivors (4096K)
 Metaspace       used 82285K, capacity 85002K, committed 85376K, reserved 1122304K
  class space    used 10800K, capacity 11813K, committed 11904K, reserved 1048576K
GC Heap History (10 events):
Event: 1884.741 GC heap after
{Heap after GC invocations=33 (full 3):
 garbage-first heap   total 112640K, used 42698K [0x0000000780000000, 0x0000000800000000)
  region size 1024K, 0 young (0K), 0 survivors (0K)
 Metaspace       used 81358K, capacity 83937K, committed 84224K, reserved 1122304K
  class space    used 10718K, capacity 11692K, committed 11776K, reserved 1048576K
}
Event: 1885.261 GC heap before
{Heap before GC invocations=33 (full 3):
 garbage-first heap   total 112640K, used 91850K [0x0000000780000000, 0x0000000800000000)
  region size 1024K, 49 young (50176K), 0 survivors (0K)
 Metaspace       used 81530K, capacity 84169K, committed 84224K, reserved 1122304K
  class space    used 10739K, capacity 11747K, committed 11776K, reserved 1048576K
}
Event: 1885.265 GC heap after
{Heap after GC invocations=34 (full 3):
 garbage-first heap   total 112640K, used 45770K [0x0000000780000000, 0x0000000800000000)
  region size 1024K, 3 young (3072K), 3 survivors (3072K)
 Metaspace       used 81530K, capacity 84169K, committed 84224K, reserved 1122304K
  class space    used 10739K, capacity 11747K, committed 11776K, reserved 1048576K
}
Event: 1885.422 GC heap before
{Heap before GC invocations=34 (full 3):
 garbage-first heap   total 112640K, used 91850K [0x0000000780000000, 0x0000000800000000)
  region size 1024K, 49 young (50176K), 3 survivors (3072K)
 Metaspace       used 81563K, capacity 84208K, committed 84480K, reserved 1122304K
  class space    used 10743K, capacity 11754K, committed 11776K, reserved 1048576K
}
Event: 1885.429 GC heap after
{Heap after GC invocations=35 (full 3):
 garbage-first heap   total 112640K, used 46090K [0x0000000780000000, 0x0000000800000000)
  region size 1024K, 4 young (4096K), 4 survivors (4096K)
 Metaspace       used 81563K, capacity 84208K, committed 84480K, reserved 1122304K
  class space    used 10743K, capacity 11754K, committed 11776K, reserved 1048576K
}
Event: 1885.684 GC heap before
{Heap before GC invocations=35 (full 3):
 garbage-first heap   total 112640K, used 92170K [0x0000000780000000, 0x0000000800000000)
  region size 1024K, 49 young (50176K), 4 survivors (4096K)
 Metaspace       used 81811K, capacity 84468K, committed 84608K, reserved 1122304K
  class space    used 10765K, capacity 11778K, committed 11904K, reserved 1048576K
}
Event: 1885.690 GC heap after
{Heap after GC invocations=36 (full 3):
 garbage-first heap   total 112640K, used 47418K [0x0000000780000000, 0x0000000800000000)
  region size 1024K, 5 young (5120K), 5 survivors (5120K)
 Metaspace       used 81811K, capacity 84468K, committed 84608K, reserved 1122304K
  class space    used 10765K, capacity 11778K, committed 11904K, reserved 1048576K
}
Event: 1892.945 GC heap before
{Heap before GC invocations=36 (full 3):
 garbage-first heap   total 112640K, used 93498K [0x0000000780000000, 0x0000000800000000)
  region size 1024K, 50 young (51200K), 5 survivors (5120K)
 Metaspace       used 82077K, capacity 84747K, committed 84864K, reserved 1122304K
  class space    used 10786K, capacity 11796K, committed 11904K, reserved 1048576K
}
Event: 1892.966 GC heap after
{Heap after GC invocations=37 (full 3):
 garbage-first heap   total 112640K, used 48536K [0x0000000780000000, 0x0000000800000000)
  region size 1024K, 4 young (4096K), 4 survivors (4096K)
 Metaspace       used 82077K, capacity 84747K, committed 84864K, reserved 1122304K
  class space    used 10786K, capacity 11796K, committed 11904K, reserved 1048576K
}
Event: 1959.696 GC heap before
{Heap before GC invocations=37 (full 3):
 garbage-first heap   total 112640K, used 79256K [0x0000000780000000, 0x0000000800000000)
  region size 1024K, 36 young (36864K), 4 survivors (4096K)
 Metaspace       used 82285K, capacity 85002K, committed 85376K, reserved 1122304K
  class space    used 10800K, capacity 11813K, committed 11904K, reserved 1048576K
}

